<?xml version="1.0" encoding="UTF-8"?>
<!-- Generated by org.testng.reporters.JUnitReportReporter -->
<testsuite hostname="DESKTOP-TOCA723" failures="0" tests="1" name="testNGExecutionpackage.SeleniumTest" time="11.811" errors="0" timestamp="2023-11-29T11:37:06 IST" skipped="0">
  <testcase classname="testNGExecutionpackage.SeleniumTest" name="selenium_method" time="11.811"/>
</testsuite> <!-- testNGExecutionpackage.SeleniumTest -->
