<?xml version="1.0" encoding="UTF-8"?>
<!-- Generated by org.testng.reporters.JUnitReportReporter -->
<testsuite hostname="DESKTOP-TOCA723" failures="0" tests="1" name="testNGExecutionpackage.SqlTest" time="13.814" errors="0" timestamp="2023-11-29T11:37:06 IST" skipped="0">
  <testcase classname="testNGExecutionpackage.SqlTest" name="sql_method" time="13.814"/>
</testsuite> <!-- testNGExecutionpackage.SqlTest -->
