<?xml version="1.0" encoding="UTF-8"?>
<!-- Generated by org.testng.reporters.JUnitReportReporter -->
<testsuite hostname="DESKTOP-TOCA723" failures="0" tests="1" name="testNGExecutionpackage.SqlTest" time="26.778" errors="0" timestamp="2023-11-30T11:57:01 IST" skipped="0">
  <testcase classname="testNGExecutionpackage.SqlTest" name="sql_method" time="26.778"/>
</testsuite> <!-- testNGExecutionpackage.SqlTest -->
