<?xml version="1.0" encoding="UTF-8"?>
<!-- Generated by org.testng.reporters.JUnitReportReporter -->
<testsuite hostname="DESKTOP-TOCA723" failures="0" tests="2" name="testNGExecutionpackage.JavaTest" time="33.146" errors="0" timestamp="2023-11-30T12:24:54 IST" skipped="0">
  <testcase classname="testNGExecutionpackage.JavaTest" name="java_method" time="16.400"/>
  <testcase classname="testNGExecutionpackage.JavaTest" name="java_method" time="16.746"/>
</testsuite> <!-- testNGExecutionpackage.JavaTest -->
