<?xml version="1.0" encoding="UTF-8"?>
<!-- Generated by org.testng.reporters.JUnitReportReporter -->
<testsuite hostname="DESKTOP-TOCA723" failures="0" tests="1" name="testNGExecutionpackage.SelectTest" time="14.753" errors="0" timestamp="2023-11-29T12:55:41 IST" skipped="0">
  <testcase classname="testNGExecutionpackage.SelectTest" name="selectTestMethod" time="14.753"/>
</testsuite> <!-- testNGExecutionpackage.SelectTest -->
