<?xml version="1.0" encoding="UTF-8"?>
<!-- Generated by org.testng.reporters.JUnitReportReporter -->
<testsuite hostname="DESKTOP-TOCA723" failures="0" tests="2" name="testNGExecutionpackage.Test3" time="0.022" errors="0" timestamp="2023-11-29T12:16:05 IST" skipped="0">
  <testcase classname="testNGExecutionpackage.Test3" name="method1" time="0.012">
    <system-out>
      <![CDATA[method1 from Test3 class]]>
    </system-out>
  </testcase> <!-- method1 -->
  <testcase classname="testNGExecutionpackage.Test3" name="method2" time="0.010">
    <system-out>
      <![CDATA[method2 from Test3 class]]>
    </system-out>
  </testcase> <!-- method2 -->
  <system-out>
    <![CDATA[method1 from Test1 class
method2 from Test1 class!!!
method2 from Test2 class
method1 from Test3 class
method2 from Test3 class]]>
  </system-out>
</testsuite> <!-- testNGExecutionpackage.Test3 -->
