<?xml version="1.0" encoding="UTF-8"?>
<!-- Generated by org.testng.reporters.JUnitReportReporter -->
<testsuite hostname="DESKTOP-TOCA723" failures="0" tests="2" name="testNGAnnotations_Flags.GoogleSearchTest" time="17.375" errors="0" timestamp="2023-12-01T12:36:24 IST" skipped="0">
  <testcase classname="testNGAnnotations_Flags.GoogleSearchTest" name="search_Selenium" time="8.488"/>
  <testcase classname="testNGAnnotations_Flags.GoogleSearchTest" name="search_Java" time="8.887"/>
</testsuite> <!-- testNGAnnotations_Flags.GoogleSearchTest -->
