<?xml version="1.0" encoding="UTF-8"?>
<!-- Generated by org.testng.reporters.JUnitReportReporter -->
<testsuite hostname="DESKTOP-TOCA723" failures="0" tests="1" name="testNGAnnotations_Flags.Flag1" time="0.012" errors="0" timestamp="2023-12-02T12:20:03 IST" skipped="0">
  <testcase classname="testNGAnnotations_Flags.Flag1" name="method" time="0.012">
    <system-out>
      <![CDATA[method 1 from Flag1]]>
    </system-out>
  </testcase> <!-- method -->
  <system-out>
    <![CDATA[method 1 from Flag1]]>
  </system-out>
</testsuite> <!-- testNGAnnotations_Flags.Flag1 -->
