<?xml version="1.0" encoding="UTF-8"?>
<!-- Generated by org.testng.reporters.JUnitReportReporter -->
<testsuite hostname="DESKTOP-TOCA723" failures="0" tests="1" name="testNGExecutionpackage.JavaTest" time="10.210" errors="0" timestamp="2023-11-29T11:37:06 IST" skipped="0">
  <testcase classname="testNGExecutionpackage.JavaTest" name="java_method" time="10.210"/>
</testsuite> <!-- testNGExecutionpackage.JavaTest -->
