<?xml version="1.0" encoding="UTF-8"?>
<!-- Generated by org.testng.reporters.JUnitReportReporter -->
<testsuite hostname="DESKTOP-TOCA723" failures="0" tests="1" name="testNGExecutionpackage.Test2" time="0.011" errors="0" timestamp="2023-11-29T12:19:10 IST" skipped="0">
  <testcase classname="testNGExecutionpackage.Test2" name="method1" time="0.011">
    <system-out>
      <![CDATA[method1 from Test2 class0]]>
    </system-out>
  </testcase> <!-- method1 -->
  <system-out>
    <![CDATA[method1 from Test2 class0]]>
  </system-out>
</testsuite> <!-- testNGExecutionpackage.Test2 -->
