<?xml version="1.0" encoding="UTF-8"?>
<!-- Generated by org.testng.reporters.JUnitReportReporter -->
<testsuite hostname="DESKTOP-TOCA723" failures="0" tests="2" name="testNGExecutionpackage.Test1" time="0.048" errors="0" timestamp="2023-11-30T12:10:33 IST" skipped="0">
  <testcase classname="testNGExecutionpackage.Test1" name="method2" time="0.024">
    <system-out>
      <![CDATA[method2 from Test1 class!!!]]>
    </system-out>
  </testcase> <!-- method2 -->
  <testcase classname="testNGExecutionpackage.Test1" name="method1" time="0.024">
    <system-out>
      <![CDATA[method1 from Test1 class]]>
    </system-out>
  </testcase> <!-- method1 -->
  <system-out>
    <![CDATA[method1 from Test1 class
method1 from Test3 class
method2 from Test1 class!!!
method2 from Test2 class
method1 from Test2 class0
method2 from Test3 class]]>
  </system-out>
</testsuite> <!-- testNGExecutionpackage.Test1 -->
