<?xml version="1.0" encoding="UTF-8"?>
<!-- Generated by org.testng.reporters.JUnitReportReporter -->
<testsuite hostname="DESKTOP-TOCA723" failures="0" tests="2" name="testNGpackage.Demo" time="0.016" errors="0" timestamp="2023-11-27T12:53:54 IST" skipped="0">
  <testcase classname="testNGpackage.Demo" name="method2" time="0.002">
    <system-out>
      <![CDATA[method2 from demo class]]>
    </system-out>
  </testcase> <!-- method2 -->
  <testcase classname="testNGpackage.Demo" name="method1" time="0.014">
    <system-out>
      <![CDATA[method1 from demo class]]>
    </system-out>
  </testcase> <!-- method1 -->
  <system-out>
    <![CDATA[method1 from demo class
method2 from demo class]]>
  </system-out>
</testsuite> <!-- testNGpackage.Demo -->
