<?xml version="1.0" encoding="UTF-8"?>
<!-- Generated by org.testng.reporters.JUnitReportReporter -->
<testsuite hostname="DESKTOP-TOCA723" failures="0" tests="2" name="testNGExecutionpackage.SelectTest" time="29.274" errors="0" timestamp="2023-11-30T12:49:20 IST" skipped="0">
  <testcase classname="testNGExecutionpackage.SelectTest" name="selectTestMethod" time="15.132"/>
  <testcase classname="testNGExecutionpackage.SelectTest" name="selectTestMethod" time="14.142"/>
</testsuite> <!-- testNGExecutionpackage.SelectTest -->
