<?xml version="1.0" encoding="UTF-8"?>
<!-- Generated by org.testng.reporters.JUnitReportReporter -->
<testsuite hostname="DESKTOP-TOCA723" failures="0" tests="2" name="testNGExecutionpackage.SeleniumTest" time="26.620" errors="0" timestamp="2023-11-30T12:24:54 IST" skipped="0">
  <testcase classname="testNGExecutionpackage.SeleniumTest" name="selenium_method" time="13.115"/>
  <testcase classname="testNGExecutionpackage.SeleniumTest" name="selenium_method" time="13.505"/>
</testsuite> <!-- testNGExecutionpackage.SeleniumTest -->
