<?xml version="1.0" encoding="UTF-8"?>
<!-- Generated by org.testng.reporters.JUnitReportReporter -->
<testsuite hostname="DESKTOP-TOCA723" failures="0" tests="2" name="testNGpackage.Demo" time="0.016" errors="0" timestamp="2023-11-28T12:26:44 IST" skipped="0">
  <testcase classname="testNGpackage.Demo" name="method1" time="0.013">
    <system-out>
      <![CDATA[method1 from demo class]]>
    </system-out>
  </testcase> <!-- method1 -->
  <testcase classname="testNGpackage.Demo" name="method2" time="0.003">
    <system-out>
      <![CDATA[method2 from demo class]]>
    </system-out>
  </testcase> <!-- method2 -->
  <system-out>
    <![CDATA[method1 from demo class
method2 from demo class
method1 from Sumo class!
method2 from sumo class!!
method1 from remo class
method2 from remo class]]>
  </system-out>
</testsuite> <!-- testNGpackage.Demo -->
